#
# There is insufficient memory for the Java Runtime Environment to continue.
# Native memory allocation (mmap) failed to map 134217728 bytes for Failed to commit area from 0x0000000081000000 to 0x0000000089000000 of length 134217728.
# Possible reasons:
#   The system is out of physical RAM or swap space
#   The process is running with CompressedOops enabled, and the Java Heap may be blocking the growth of the native heap
# Possible solutions:
#   Reduce memory load on the system
#   Increase physical memory or swap space
#   Check if swap backing store is full
#   Decrease Java heap size (-Xmx/-Xms)
#   Decrease number of Java threads
#   Decrease Java thread stack sizes (-Xss)
#   Set larger code cache with -XX:ReservedCodeCacheSize=
# This output file may be truncated or incomplete.
#
#  Out of Memory Error (src/hotspot/os/windows/os_windows.cpp:3627), pid=12140, tid=2580
#
# JRE version:  (11.0.15) (build )
# Java VM: OpenJDK 64-Bit Server VM (11.0.15+0-b2043.56-8887301, mixed mode, sharing, tiered, compressed oops, g1 gc, windows-amd64)
# No core dump will be written. Minidumps are not enabled by default on client versions of Windows
#

---------------  S U M M A R Y ------------

Command Line: org.jetbrains.kotlin.cli.jvm.K2JVMCompiler @D:\2023\CryptoCurrencyApp\app\build\20230321_7920445825063988307.compiler.options

Host: Intel(R) Core(TM) i3-2330M CPU @ 2.20GHz, 4 cores, 7G,  Windows 10 , 64 bit Build 19041 (10.0.19041.2364)
Time: Tue Mar 21 23:43:12 2023 Pakistan Standard Time elapsed time: 0.068579 seconds (0d 0h 0m 0s)

---------------  T H R E A D  ---------------

Current thread (0x000002054196f000):  JavaThread "Unknown thread" [_thread_in_vm, id=2580, stack(0x000000a8be100000,0x000000a8be200000)]

Stack: [0x000000a8be100000,0x000000a8be200000]
Native frames: (J=compiled Java code, j=interpreted, Vv=VM code, C=native code)
V  [jvm.dll+0x64135a]
V  [jvm.dll+0x7d39f9]
V  [jvm.dll+0x7d51b9]
V  [jvm.dll+0x7d58a3]
V  [jvm.dll+0x2691c5]
V  [jvm.dll+0x63e4e9]
V  [jvm.dll+0x632985]
V  [jvm.dll+0x3231ac]
V  [jvm.dll+0x323032]
V  [jvm.dll+0x327c06]
V  [jvm.dll+0x36ffa2]
V  [jvm.dll+0x36fa01]
V  [jvm.dll+0x2fea28]
V  [jvm.dll+0x2ffb25]
V  [jvm.dll+0x7accd7]
V  [jvm.dll+0x7ae49f]
V  [jvm.dll+0x37d299]
V  [jvm.dll+0x78ef9f]
V  [jvm.dll+0x3ec847]
V  [jvm.dll+0x3eed31]
C  [jli.dll+0x52cb]
C  [ucrtbase.dll+0x21bb2]
C  [KERNEL32.DLL+0x17614]
C  [ntdll.dll+0x526a1]


---------------  P R O C E S S  ---------------

Threads class SMR info:
_java_thread_list=0x000002053f7b2710, length=0, elements={
}

Java Threads: ( => current thread )

Other Threads:
  0x0000020541987800 GCTaskThread "GC Thread#0" [stack: 0x000000a8be200000,0x000000a8be300000] [id=12080]
  0x00000205419b8800 ConcurrentGCThread "G1 Main Marker" [stack: 0x000000a8be300000,0x000000a8be400000] [id=4280]
  0x00000205419ba000 ConcurrentGCThread "G1 Conc#0" [stack: 0x000000a8be400000,0x000000a8be500000] [id=10532]

[error occurred during error reporting (printing all threads), id 0xc0000005, EXCEPTION_ACCESS_VIOLATION (0xc0000005) at pc=0x00007ffe9bc2f3e7]

VM state:not at safepoint (not fully initialized)

VM Mutex/Monitor currently owned by a thread:  ([mutex/lock_event])
[0x000002054196b530] Heap_lock - owner thread: 0x000002054196f000

Heap address: 0x0000000081000000, size: 2032 MB, Compressed Oops mode: Non-zero based: 0x0000000081000000
Narrow klass base: 0x0000000000000000, Narrow klass shift: 0

GC Heap History (0 events):
No events

Deoptimization events (0 events):
No events

Classes redefined (0 events):
No events

Internal exceptions (0 events):
No events

Events (1 events):
Event: 0.026 Loaded shared library C:\Program Files\Android\Android Studio\jbr\bin\zip.dll


Dynamic libraries:
0x00007ff6e1610000 - 0x00007ff6e161a000 	C:\Program Files\Android\Android Studio\jbr\bin\java.exe
0x00007ffee92f0000 - 0x00007ffee94e8000 	C:\WINDOWS\SYSTEM32\ntdll.dll
0x00007ffee8760000 - 0x00007ffee881f000 	C:\WINDOWS\System32\KERNEL32.DLL
0x00007ffee6ae0000 - 0x00007ffee6db2000 	C:\WINDOWS\System32\KERNELBASE.dll
0x00007ffee69e0000 - 0x00007ffee6ae0000 	C:\WINDOWS\System32\ucrtbase.dll
0x00007ffeda910000 - 0x00007ffeda927000 	C:\Program Files\Android\Android Studio\jbr\bin\jli.dll
0x00007ffee8d70000 - 0x00007ffee8f11000 	C:\WINDOWS\System32\USER32.dll
0x00007ffee7090000 - 0x00007ffee70b2000 	C:\WINDOWS\System32\win32u.dll
0x00007ffee8860000 - 0x00007ffee888b000 	C:\WINDOWS\System32\GDI32.dll
0x00007ffee7220000 - 0x00007ffee732f000 	C:\WINDOWS\System32\gdi32full.dll
0x00007ffee6ff0000 - 0x00007ffee708d000 	C:\WINDOWS\System32\msvcp_win.dll
0x00007ffeda8a0000 - 0x00007ffeda8bb000 	C:\Program Files\Android\Android Studio\jbr\bin\VCRUNTIME140.dll
0x00007ffed3870000 - 0x00007ffed3b0a000 	C:\WINDOWS\WinSxS\amd64_microsoft.windows.common-controls_6595b64144ccf1df_6.0.19041.1110_none_60b5254171f9507e\COMCTL32.dll
0x00007ffee88b0000 - 0x00007ffee894e000 	C:\WINDOWS\System32\msvcrt.dll
0x00007ffee8820000 - 0x00007ffee8852000 	C:\WINDOWS\System32\IMM32.DLL
0x00007ffebf880000 - 0x00007ffebf90d000 	C:\Program Files\Android\Android Studio\jbr\bin\msvcp140.dll
0x00007ffed3090000 - 0x00007ffed309c000 	C:\WINDOWS\SYSTEM32\VCRUNTIME140_1.dll
0x00007ffe9b920000 - 0x00007ffe9c4dc000 	C:\Program Files\Android\Android Studio\jbr\bin\server\jvm.dll
0x00007ffee7530000 - 0x00007ffee75de000 	C:\WINDOWS\System32\ADVAPI32.dll
0x00007ffee76b0000 - 0x00007ffee774c000 	C:\WINDOWS\System32\sechost.dll
0x00007ffee8b20000 - 0x00007ffee8c45000 	C:\WINDOWS\System32\RPCRT4.dll
0x00007ffee86f0000 - 0x00007ffee86f8000 	C:\WINDOWS\System32\PSAPI.DLL
0x00007ffed03a0000 - 0x00007ffed03a9000 	C:\WINDOWS\SYSTEM32\WSOCK32.dll
0x00007ffee8a00000 - 0x00007ffee8a6b000 	C:\WINDOWS\System32\WS2_32.dll
0x00007ffed3700000 - 0x00007ffed3727000 	C:\WINDOWS\SYSTEM32\WINMM.dll
0x00007ffed9810000 - 0x00007ffed981a000 	C:\WINDOWS\SYSTEM32\VERSION.dll
0x00007ffee48a0000 - 0x00007ffee48b2000 	C:\WINDOWS\SYSTEM32\kernel.appcore.dll
0x00007ffed0390000 - 0x00007ffed03a0000 	C:\Program Files\Android\Android Studio\jbr\bin\verify.dll
0x00007ffedff00000 - 0x00007ffee00e4000 	C:\WINDOWS\SYSTEM32\DBGHELP.DLL
0x00007ffedfdc0000 - 0x00007ffedfdf5000 	C:\WINDOWS\SYSTEM32\dbgcore.DLL
0x00007ffee6ec0000 - 0x00007ffee6f42000 	C:\WINDOWS\System32\bcryptPrimitives.dll
0x00007ffecb480000 - 0x00007ffecb4a8000 	C:\Program Files\Android\Android Studio\jbr\bin\java.dll
0x00007ffecffe0000 - 0x00007ffecffea000 	C:\Program Files\Android\Android Studio\jbr\bin\jimage.dll
0x00007ffecc1d0000 - 0x00007ffecc1e8000 	C:\Program Files\Android\Android Studio\jbr\bin\zip.dll

dbghelp: loaded successfully - version: 4.0.5 - missing functions: none
symbol engine: initialized successfully - sym options: 0x614 - pdb path: .;C:\Program Files\Android\Android Studio\jbr\bin;C:\WINDOWS\SYSTEM32;C:\WINDOWS\WinSxS\amd64_microsoft.windows.common-controls_6595b64144ccf1df_6.0.19041.1110_none_60b5254171f9507e;C:\Program Files\Android\Android Studio\jbr\bin\server

VM Arguments:
java_command: org.jetbrains.kotlin.cli.jvm.K2JVMCompiler @D:\2023\CryptoCurrencyApp\app\build\20230321_7920445825063988307.compiler.options
java_class_path (initial): C:\Users\Aamir\.gradle\caches\modules-2\files-2.1\org.jetbrains.kotlin\kotlin-compiler-embeddable\1.7.0\4d09852239f61842072b40b524882fa3caaed371\kotlin-compiler-embeddable-1.7.0.jar;C:\Users\Aamir\.gradle\caches\modules-2\files-2.1\org.jetbrains.kotlin\kotlin-reflect\1.7.0\e660b0079fdaf744dc9cc7f6f3aa3c761ec839b0\kotlin-reflect-1.7.0.jar;C:\Users\Aamir\.gradle\caches\modules-2\files-2.1\org.jetbrains.kotlin\kotlin-stdlib\1.7.0\a5f42c684ad9003160ef0d0f693ecf0ba7b13549\kotlin-stdlib-1.7.0.jar;C:\Users\Aamir\.gradle\caches\modules-2\files-2.1\org.jetbrains.kotlin\kotlin-script-runtime\1.7.0\3acea1d447587e61bc3e1b3ed6227d9e9ed4ddf1\kotlin-script-runtime-1.7.0.jar;C:\Users\Aamir\.gradle\caches\modules-2\files-2.1\org.jetbrains.kotlin\kotlin-daemon-embeddable\1.7.0\fd56798de80825c673ac93808284c5198ffa2b50\kotlin-daemon-embeddable-1.7.0.jar;C:\Users\Aamir\.gradle\caches\modules-2\files-2.1\org.jetbrains.intellij.deps\trove4j\1.0.20200330\3afb14d5f9ceb459d724e907a21145e8ff394f02\trove4j-1.0.20200330.jar;C:\Users\Aamir\.gradle\caches\modules-2\files-2.1\net.java.dev.jna\jna\5.6.0\330f2244e9030119ab3030fc3fededc86713d9cc\jna-5.6.0.jar;C:\Users\Aamir\.gradle\caches\modules-2\files-2.1\org.jetbrains.kotlin\kotlin-stdlib-common\1.7.0\51736992f422993a1e741051bdf3c12801bc1ca1\kotlin-stdlib-common-1.7.0.jar;C:\Users\Aamir\.gradle\caches\modules-2\files-2.1\org.jetbrains\annotations\13.0\919f0dfe192fb4e063e7dacadee7f8bb9a2672a9\annotations-13.0.jar
Launcher Type: SUN_STANDARD

[Global flags]
     intx CICompilerCount                          = 3                                         {product} {ergonomic}
     uint ConcGCThreads                            = 1                                         {product} {ergonomic}
     uint G1ConcRefinementThreads                  = 4                                         {product} {ergonomic}
   size_t G1HeapRegionSize                         = 1048576                                   {product} {ergonomic}
    uintx GCDrainStackTargetSize                   = 64                                        {product} {ergonomic}
   size_t InitialHeapSize                          = 134217728                                 {product} {ergonomic}
   size_t MarkStackSize                            = 4194304                                   {product} {ergonomic}
   size_t MaxHeapSize                              = 2130706432                                {product} {ergonomic}
   size_t MinHeapDeltaBytes                        = 1048576                                   {product} {ergonomic}
    uintx NonNMethodCodeHeapSize                   = 5830732                                {pd product} {ergonomic}
    uintx NonProfiledCodeHeapSize                  = 122913754                              {pd product} {ergonomic}
    uintx ProfiledCodeHeapSize                     = 122913754                              {pd product} {ergonomic}
    uintx ReservedCodeCacheSize                    = 251658240                              {pd product} {ergonomic}
     bool SegmentedCodeCache                       = true                                      {product} {ergonomic}
     bool UseCompressedClassPointers               = true                                 {lp64_product} {ergonomic}
     bool UseCompressedOops                        = true                                 {lp64_product} {ergonomic}
     bool UseG1GC                                  = true                                      {product} {ergonomic}
     bool UseLargePagesIndividualAllocation        = false                                  {pd product} {ergonomic}

Logging:
Log output configuration:
 #0: stdout all=warning uptime,level,tags
 #1: stderr all=off uptime,level,tags

Environment Variables:
PATH=C:\WINDOWS\system32;C:\WINDOWS;C:\WINDOWS\System32\Wbem;C:\WINDOWS\System32\WindowsPowerShell\v1.0\;C:\Program Files\Git\cmd;C:\Program Files\Android\Android Studio\jre\bin;C:\WINDOWS\System32\OpenSSH\;C:\Program Files\dotnet\;C:\ProgramData\chocolatey\bin;C:\Program Files\nodejs\;C:\Users\Aamir\AppData\Local\Microsoft\WindowsApps;C:\Program Files\heroku\bin;C:\src\flutter\bin;C:\Users\Aamir\AppData\Roaming\npm
USERNAME=Aamir
OS=Windows_NT
PROCESSOR_IDENTIFIER=Intel64 Family 6 Model 42 Stepping 7, GenuineIntel



---------------  S Y S T E M  ---------------

OS: Windows 10 , 64 bit Build 19041 (10.0.19041.2364)
OS uptime: 7 days 18:49 hours

CPU:total 4 (initial active 4) (2 cores per cpu, 2 threads per core) family 6 model 42 stepping 7 microcode 0x2f, cmov, cx8, fxsr, mmx, sse, sse2, sse3, ssse3, sse4.1, sse4.2, popcnt, avx, clmul, ht, tsc, tscinvbit

Memory: 4k page, system-wide physical 8126M (504M free)
TotalPageFile size 10174M (AvailPageFile size 115M)
current process WorkingSet (physical memory assigned to process): 10M, peak: 10M
current process commit charge ("private bytes"): 51M, peak: 179M

vm_info: OpenJDK 64-Bit Server VM (11.0.15+0-b2043.56-8887301) for windows-amd64 JRE (11.0.15+0-b2043.56-8887301), built on Jul 29 2022 23:19:47 by "builduser" with unknown MS VC++:1929

END.
